"../../../Engine/Content/Functions/Engine_MaterialFunctions01/Opacity/CameraDepthFade.uasset" 0
"../../../Engine/Content/EngineMaterials/T_Default_Material_Grid_M.uasset" 1
"../../../Engine/Content/EngineMaterials/T_Default_Material_Grid_N.uasset" 2
"../../../Engine/Content/EngineMaterials/WorldGridMaterial.uasset" 3
"../../../Engine/Content/ArtTools/RenderToTexture/Meshes/S_1_Unit_Plane.uasset" 4
"../../../Engine/Content/EngineMaterials/DefaultMaterial.uasset" 5
"../../../Engine/Content/BasicShapes/Cone.uasset" 6
"../../../Engine/Content/BasicShapes/Cube.uasset" 7
"../../../Engine/Content/BasicShapes/Cylinder.uasset" 8
"../../../Engine/Content/BasicShapes/Plane.uasset" 9
"../../../Engine/Content/BasicShapes/Sphere.uasset" 10
"../../../Engine/Content/EngineMaterials/DefaultPhysicalMaterial.uasset" 11
"../../../Engine/Content/BufferVisualization/AmbientOcclusion.uasset" 12
"../../../Engine/Content/BufferVisualization/BaseColor.uasset" 13
"../../../Engine/Content/BufferVisualization/CustomDepth.uasset" 14
"../../../Engine/Content/Functions/Engine_MaterialFunctions02/Utility/VectorLength.uasset" 15
"../../../Engine/Content/BufferVisualization/CustomDepthWorldUnits.uasset" 16
"../../../Engine/Content/Functions/Engine_MaterialFunctions02/Utility/BreakOutFloat2Components.uasset" 17
"../../../Engine/Content/Functions/Engine_MaterialFunctions01/Texturing/ScaleUVsByCenter.uasset" 18
"../../../Engine/Content/Functions/Engine_MaterialFunctions02/ScreenResolution.uasset" 19
"../../../Engine/Content/Functions/Engine_MaterialFunctions02/Texturing/ScreenAlignedUVs.uasset" 20
"../../../Engine/Content/Functions/Engine_MaterialFunctions02/Utility/MakeFloat2.uasset" 21
"../../../Engine/Content/Functions/Engine_MaterialFunctions02/Utility/MakeFloat3.uasset" 22
"../../../Engine/Content/EngineMaterials/MiniFont.uasset" 23
"../../../Engine/Content/BufferVisualization/CustomStencil.uasset" 24
"../../../Engine/Content/BufferVisualization/FinalImage.uasset" 25
"../../../Engine/Content/BufferVisualization/LightingModel.uasset" 26
"../../../Engine/Content/BufferVisualization/MaterialAO.uasset" 27
"../../../Engine/Content/BufferVisualization/Metallic.uasset" 28
"../../../Engine/Content/BufferVisualization/Opacity.uasset" 29
"../../../Engine/Content/BufferVisualization/PostTonemapHDRColor.uasset" 30
"../../../Engine/Content/BufferVisualization/PreTonemapHDRColor.uasset" 31
"../../../Engine/Content/BufferVisualization/Roughness.uasset" 32
"../../../Engine/Content/BufferVisualization/SceneColor.uasset" 33
"../../../Engine/Content/BufferVisualization/SceneDepth.uasset" 34
"../../../Engine/Content/BufferVisualization/SceneDepthWorldUnits.uasset" 35
"../../../Engine/Content/BufferVisualization/SeparateTranslucencyA.uasset" 36
"../../../Engine/Content/BufferVisualization/SeparateTranslucencyRGB.uasset" 37
"../../../Engine/Content/BufferVisualization/Specular.uasset" 38
"../../../Engine/Content/BufferVisualization/SubsurfaceColor.uasset" 39
"../../../Engine/Content/BufferVisualization/Velocity.uasset" 40
"../../../Engine/Content/BufferVisualization/WorldNormal.uasset" 41
"../../../Engine/Content/EditorLandscapeResources/DataLayer.uasset" 42
"../../../Engine/Content/EditorLandscapeResources/DefaultAlphaTexture.uasset" 43
"../../../Engine/Content/EditorLandscapeResources/LandscapeGizmoHeight_Mat.uasset" 44
"../../../Engine/Content/EditorLandscapeResources/LandscapeGizmo_Mat.uasset" 45
"../../../Engine/Content/EditorLandscapeResources/LandscapeGizmo_Mat_Copied.uasset" 46
"../../../Engine/Content/EditorLandscapeResources/SplineEditorMeshMat.uasset" 47
"../../../Engine/Content/EditorLandscapeResources/SplineEditorMesh.uasset" 48
"../../../Engine/Content/EditorMaterials/Cross.uasset" 49
"../../../Engine/Content/EditorMaterials/Cross_Mat.uasset" 50
"../../../Engine/Content/EngineMaterials/DefaultDiffuse.uasset" 51
"../../../Engine/Content/Functions/Engine_MaterialFunctions01/Texturing/TextureCropping.uasset" 52
"../../../Engine/Content/Functions/Engine_MaterialFunctions01/Texturing/ComputeMipLevel.uasset" 53
"../../../Engine/Content/Functions/Engine_MaterialFunctions02/ExampleContent/DebugNumberStrip.uasset" 54
"../../../Engine/Content/Functions/Engine_MaterialFunctions02/ExampleContent/Textures/DebugNumberPeriod.uasset" 55
"../../../Engine/Content/Functions/Engine_MaterialFunctions02/Utility/DebugScalarValues.uasset" 56
"../../../Engine/Content/Functions/Engine_MaterialFunctions02/Utility/DebugFloat2Values.uasset" 57
"../../../Engine/Content/Functions/Engine_MaterialFunctions02/ExampleContent/Textures/flipbook.uasset" 58
"../../../Engine/Content/Functions/Engine_MaterialFunctions02/Texturing/FlipBook.uasset" 59
"../../../Engine/Content/Functions/Engine_MaterialFunctions02/Utility/Sign.uasset" 60
"../../../Engine/Content/Functions/Engine_MaterialFunctions02/Utility/Round.uasset" 61
"../../../Engine/Content/EditorResources/T_EditorHelp.uasset" 62
"../../../Engine/Content/EditorMaterials/HelpActorMaterial.uasset" 63
"../../../Engine/Content/EditorMaterials/CompositeARGBLayer.uasset" 64
"../../../Engine/Content/EditorMaterials/TilingAALineIntegral.uasset" 65
"../../../Engine/Content/EditorMaterials/TilingAALineBoxFiltered.uasset" 66
"../../../Engine/Content/Functions/Engine_MaterialFunctions03/Procedurals/ComputeFilterWidth.uasset" 67
"../../../Engine/Content/EditorMaterials/TilingAADots.uasset" 68
"../../../Engine/Content/EngineMaterials/BlendFunc_DefBase.uasset" 69
"../../../Engine/Content/EngineMaterials/BlendFunc_DefBlend.uasset" 70
"../../../Engine/Content/Functions/Engine_MaterialFunctions03/Blends/Blend_Screen.uasset" 71
"../../../Engine/Content/EditorMaterials/TilingAAGrid.uasset" 72
"../../../Engine/Content/EditorMaterials/LevelGridMaterial.uasset" 73
"../../../Engine/Content/EditorMaterials/MakeCompositeARGBLayer.uasset" 74
"../../../Engine/Content/EditorResources/LevelGrid1DStripes.uasset" 75
"../../../Engine/Content/EditorMaterials/TextureGridCascaded1D.uasset" 76
"../../../Engine/Content/EditorMaterials/TextureGridCascaded2D.uasset" 77
"../../../Engine/Content/EditorMaterials/LevelGridMaterial2.uasset" 78
"../../../Engine/Content/EditorMaterials/MAT_Groups_Toggle.uasset" 79
"../../../Engine/Content/EditorMaterials/MAT_Groups_Visibility.uasset" 80
"../../../Engine/Content/EditorMaterials/PhAT_BoneSelectedMaterial.uasset" 81
"../../../Engine/Content/EditorMaterials/PhAT_ElemSelectedMaterial.uasset" 82
"../../../Engine/Content/EditorMaterials/PhAT_NoCollisionMaterial.uasset" 83
"../../../Engine/Content/EditorMaterials/PhAT_UnselectedMaterial.uasset" 84
"../../../Engine/Content/EditorMaterials/PreviewShadowIndicator.uasset" 85
"../../../Engine/Content/EditorMaterials/PreviewShadowIndicatorMaterial.uasset" 86
"../../../Engine/Content/EditorMaterials/TargetIcon.uasset" 87
"../../../Engine/Content/EditorMaterials/Tick.uasset" 88
"../../../Engine/Content/EditorMaterials/Tick_Mat.uasset" 89
"../../../Engine/Content/EditorMaterials/WidgetGridVertexColorMaterial.uasset" 90
"../../../Engine/Content/EditorMaterials/WidgetGridVertexColorMaterial_Ma.uasset" 91
"../../../Engine/Content/EditorMaterials/WidgetMaterial.uasset" 92
"../../../Engine/Content/EditorMaterials/WidgetMaterial_Current.uasset" 93
"../../../Engine/Content/EditorMaterials/WidgetMaterial_X.uasset" 94
"../../../Engine/Content/EditorMaterials/WidgetMaterial_Y.uasset" 95
"../../../Engine/Content/EditorMaterials/WidgetMaterial_Z.uasset" 96
"../../../Engine/Content/EditorMaterials/WidgetVertexColorMaterial.uasset" 97
"../../../Engine/Content/EditorMaterials/MatineeGroups/MAT_ColorTrack.uasset" 98
"../../../Engine/Content/EditorMaterials/MatineeGroups/MAT_Groups_Anim.uasset" 99
"../../../Engine/Content/EditorMaterials/MatineeGroups/MAT_Groups_AudioMaster.uasset" 100
"../../../Engine/Content/EditorMaterials/MatineeGroups/MAT_Groups_Director.uasset" 101
"../../../Engine/Content/EditorMaterials/MatineeGroups/MAT_Groups_Event.uasset" 102
"../../../Engine/Content/EditorMaterials/MatineeGroups/MAT_Groups_Fade.uasset" 103
"../../../Engine/Content/EditorMaterials/MatineeGroups/MAT_Groups_Float.uasset" 104
"../../../Engine/Content/EditorMaterials/MatineeGroups/MAT_Groups_Move.uasset" 105
"../../../Engine/Content/EditorMaterials/MatineeGroups/MAT_Groups_Slomo.uasset" 106
"../../../Engine/Content/EditorMaterials/MatineeGroups/MAT_Groups_Sound.uasset" 107
"../../../Engine/Content/EditorMaterials/MatineeGroups/MAT_Groups_Vector.uasset" 108
"../../../Engine/Content/EditorMaterials/ParticleSystems/PSysThumbnail_NoImage.uasset" 109
"../../../Engine/Content/EditorMaterials/ParticleSystems/PSysThumbnail_OOD.uasset" 110
"../../../Engine/Content/EngineMaterials/Grid.uasset" 111
"../../../Engine/Content/EditorMaterials/Thumbnails/FloorPlaneMaterial.uasset" 112
"../../../Engine/Content/EditorMeshes/EditorCube.uasset" 113
"../../../Engine/Content/EditorMeshes/EditorCylinder.uasset" 114
"../../../Engine/Content/EditorMeshes/EditorPlane.uasset" 115
"../../../Engine/Content/EditorMaterials/Thumbnails/SkySphereMaterial.uasset" 116
"../../../Engine/Content/EditorMeshes/EditorSkySphere.uasset" 117
"../../../Engine/Content/EditorMeshes/EditorSphere.uasset" 118
"../../../Engine/Content/EditorResources/MatineeCam_D.uasset" 119
"../../../Engine/Content/EditorMaterials/MatineeCam_mat.uasset" 120
"../../../Engine/Content/EditorMeshes/MatineeCam_SM.uasset" 121
"../../../Engine/Content/EditorMeshes/PlanarReflectionPlane.uasset" 122
"../../../Engine/Content/EditorMaterials/Camera/CineMat.uasset" 123
"../../../Engine/Content/EditorMaterials/Camera/MI_CineMat_CameraBody.uasset" 124
"../../../Engine/Content/EngineDebugMaterials/M_SimpleOpaque.uasset" 125
"../../../Engine/Content/EditorMaterials/Camera/MI_CineMat_CamViewFinder.uasset" 126
"../../../Engine/Content/EditorMeshes/Camera/SM_CineCam.uasset" 127
"../../../Engine/Content/EditorMaterials/Camera/MI_CineMat_Rig.uasset" 128
"../../../Engine/Content/EditorMeshes/Camera/SM_CraneRig_Arm.uasset" 129
"../../../Engine/Content/EditorMeshes/Camera/SM_CraneRig_Base.uasset" 130
"../../../Engine/Content/EditorMeshes/Camera/SM_CraneRig_Body.uasset" 131
"../../../Engine/Content/EditorMeshes/Camera/SM_CraneRig_Mount.uasset" 132
"../../../Engine/Content/EditorMeshes/Camera/SM_RailRig_Mount.uasset" 133
"../../../Engine/Content/EditorMeshes/Camera/SM_RailRig_Track.uasset" 134
"../../../Engine/Content/EditorMeshes/ColorCalibrator/M_ChromeBall.uasset" 135
"../../../Engine/Content/EditorResources/Bad.uasset" 136
"../../../Engine/Content/EditorResources/BSPVertex.uasset" 137
"../../../Engine/Content/EditorResources/EmptyActor.uasset" 138
"../../../Engine/Content/EditorResources/MatInstActSprite.uasset" 139
"../../../Engine/Content/EditorResources/SceneManager.uasset" 140
"../../../Engine/Content/EditorResources/SmallFont.uasset" 141
"../../../Engine/Content/EditorResources/S_Actor.uasset" 142
"../../../Engine/Content/EditorResources/S_DecalActorIcon.uasset" 143
"../../../Engine/Content/EditorResources/S_Emitter.uasset" 144
"../../../Engine/Content/EditorResources/S_ExpoHeightFog.uasset" 145
"../../../Engine/Content/EditorResources/S_FTest.uasset" 146
"../../../Engine/Content/EditorResources/S_KBSJoint.uasset" 147
"../../../Engine/Content/EditorResources/S_KHinge.uasset" 148
"../../../Engine/Content/EditorResources/S_KPrismatic.uasset" 149
"../../../Engine/Content/EditorResources/S_LevelSequence.uasset" 150
"../../../Engine/Content/EditorResources/S_NavP.uasset" 151
"../../../Engine/Content/EditorResources/S_Note.uasset" 152
"../../../Engine/Content/EditorResources/S_Player.uasset" 153
"../../../Engine/Content/EditorResources/S_PortalActorIcon2.uasset" 154
"../../../Engine/Content/EditorResources/S_RadForce.uasset" 155
"../../../Engine/Content/EditorResources/S_ReflActorIcon.uasset" 156
"../../../Engine/Content/EditorResources/S_SkyAtmosphere.uasset" 157
"../../../Engine/Content/EditorResources/S_Solver.uasset" 158
"../../../Engine/Content/EditorResources/S_Terrain.uasset" 159
"../../../Engine/Content/EditorResources/S_TextRenderActorIcon.uasset" 160
"../../../Engine/Content/EditorResources/S_Thruster.uasset" 161
"../../../Engine/Content/EditorResources/S_Trigger.uasset" 162
"../../../Engine/Content/EditorResources/S_VectorFieldVol.uasset" 163
"../../../Engine/Content/EditorResources/S_WindDirectional.uasset" 164
"../../../Engine/Content/EditorResources/AI/S_NavLink.uasset" 165
"../../../Engine/Content/EditorResources/LightIcons/SkyLight.uasset" 166
"../../../Engine/Content/EditorResources/LightIcons/S_LightDirectional.uasset" 167
"../../../Engine/Content/EditorResources/LightIcons/S_LightDirectionalMove.uasset" 168
"../../../Engine/Content/EditorResources/LightIcons/S_LightError.uasset" 169
"../../../Engine/Content/EditorResources/LightIcons/S_LightPoint.uasset" 170
"../../../Engine/Content/EditorResources/LightIcons/S_LightPointMove.uasset" 171
"../../../Engine/Content/EditorResources/LightIcons/S_LightSpot.uasset" 172
"../../../Engine/Content/EditorResources/LightIcons/S_LightSpotMove.uasset" 173
"../../../Engine/Content/EditorResources/SequenceRecorder/Countdown.uasset" 174
"../../../Engine/Content/EditorResources/SequenceRecorder/RecordingIndicator.uasset" 175
"../../../Engine/Content/EditorResources/Spline/T_Loft_Spline.uasset" 176
"../../../Engine/Content/EditorSounds/Notifications/CompileFailed.uasset" 177
"../../../Engine/Content/EditorSounds/Notifications/CompileFailed_Cue.uasset" 178
"../../../Engine/Content/EditorSounds/Notifications/CompileSuccess.uasset" 179
"../../../Engine/Content/EditorSounds/Notifications/CompileStart_Cue.uasset" 180
"../../../Engine/Content/EditorSounds/Notifications/CompileSuccess_Cue.uasset" 181
"../../../Engine/Content/EngineDamageTypes/DmgTypeBP_Environmental.uasset" 182
"../../../Engine/Content/EngineDebugMaterials/HeatmapGradient.uasset" 183
"../../../Engine/Content/EngineDebugMaterials/BoneWeightMaterial.uasset" 184
"../../../Engine/Content/EngineDebugMaterials/ClothMaterial.uasset" 185
"../../../Engine/Content/EngineDebugMaterials/ClothMaterial_WF.uasset" 186
"../../../Engine/Content/EngineDebugMaterials/DebugEditorMaterial.uasset" 187
"../../../Engine/Content/EngineDebugMaterials/DebugMeshMaterial.uasset" 188
"../../../Engine/Content/EngineDebugMaterials/GeomMaterial.uasset" 189
"../../../Engine/Content/Functions/Engine_MaterialFunctions01/Shading/ConvertFromDiffSpec.uasset" 190
"../../../Engine/Content/EngineDebugMaterials/LevelColorationLitMaterial.uasset" 191
"../../../Engine/Content/EngineDebugMaterials/LevelColorationUnlitMaterial.uasset" 192
"../../../Engine/Content/EngineMaterials/DefaultWhiteGrid.uasset" 193
"../../../Engine/Content/EngineDebugMaterials/MAT_LevelColorationLitLightmapUV.uasset" 194
"../../../Engine/Content/EngineDebugMaterials/M_SimpleTranslucent.uasset" 195
"../../../Engine/Content/Functions/Engine_MaterialFunctions02/Utility/CameraDirectionVector.uasset" 196
"../../../Engine/Content/EngineDebugMaterials/VolumeToRender.uasset" 197
"../../../Engine/Content/EngineDebugMaterials/M_VolumeRenderSphereTracePP.uasset" 198
"../../../Engine/Content/EngineDebugMaterials/ShadedLevelColorationLitMaterial.uasset" 199
"../../../Engine/Content/EngineDebugMaterials/ShadedLevelColorationUnlitMateri.uasset" 200
"../../../Engine/Content/EngineDebugMaterials/VertexColorMaterial.uasset" 201
"../../../Engine/Content/EngineDebugMaterials/VertexColorViewMode_AlphaAsColor.uasset" 202
"../../../Engine/Content/EngineDebugMaterials/VertexColorViewMode_BlueOnly.uasset" 203
"../../../Engine/Content/EngineDebugMaterials/VertexColorViewMode_ColorOnly.uasset" 204
"../../../Engine/Content/EngineDebugMaterials/VertexColorViewMode_GreenOnly.uasset" 205
"../../../Engine/Content/EngineDebugMaterials/VertexColorViewMode_RedOnly.uasset" 206
"../../../Engine/Content/EngineDebugMaterials/WireframeMaterial.uasset" 207
"../../../Engine/Content/EngineFonts/Faces/DroidSansFallback.uasset" 208
"../../../Engine/Content/EngineFonts/Faces/RobotoBold.uasset" 209
"../../../Engine/Content/EngineFonts/Faces/RobotoBoldItalic.uasset" 210
"../../../Engine/Content/EngineFonts/Faces/RobotoItalic.uasset" 211
"../../../Engine/Content/EngineFonts/Faces/RobotoLight.uasset" 212
"../../../Engine/Content/EngineFonts/Faces/RobotoRegular.uasset" 213
"../../../Engine/Content/EngineFonts/Roboto.uasset" 214
"../../../Engine/Content/EngineFonts/Faces/RobotoTiny.uasset" 215
"../../../Engine/Content/EngineFonts/RobotoTiny.uasset" 216
"../../../Engine/Content/EngineFonts/SmallFont.uasset" 217
"../../../Engine/Content/EngineFonts/TinyFont.uasset" 218
"../../../Engine/Content/EngineMaterials/BaseFlattenDiffuseMap.uasset" 219
"../../../Engine/Content/EngineMaterials/BaseFlattenEmissiveMap.uasset" 220
"../../../Engine/Content/EngineMaterials/BaseFlattenGrayscaleMap.uasset" 221
"../../../Engine/Content/EngineMaterials/BaseFlattenNormalMap.uasset" 222
"../../../Engine/Content/EngineMaterials/BaseFlattenMaterial.uasset" 223
"../../../Engine/Content/EngineResources/WhiteSquareTexture.uasset" 224
"../../../Engine/Content/EngineMaterials/BlinkingCaret.uasset" 225
"../../../Engine/Content/EngineMaterials/BlueNoise.uasset" 226
"../../../Engine/Content/EngineMaterials/DefaultBloomKernel.uasset" 227
"../../../Engine/Content/EngineMaterials/DefaultBokeh.uasset" 228
"../../../Engine/Content/EngineMaterials/DefaultDeferredDecalMaterial.uasset" 229
"../../../Engine/Content/EngineMaterials/DefaultLightFunctionMaterial.uasset" 230
"../../../Engine/Content/EngineMaterials/DefaultNormal.uasset" 231
"../../../Engine/Content/EngineMaterials/DefaultPostProcessMaterial.uasset" 232
"../../../Engine/Content/EngineFonts/RobotoDistanceField.uasset" 233
"../../../Engine/Content/EngineMaterials/DefaultTextMaterialOpaque.uasset" 234
"../../../Engine/Content/EngineMaterials/DefaultVirtualTextureMaterial.uasset" 235
"../../../Engine/Content/EngineMaterials/EditorBrushMaterial.uasset" 236
"../../../Engine/Content/EngineMaterials/DefaultWhiteGrid_Low.uasset" 237
"../../../Engine/Content/EngineMaterials/EmissiveMeshMaterial.uasset" 238
"../../../Engine/Content/EngineMaterials/GizmoMaterial.uasset" 239
"../../../Engine/Content/EngineMaterials/Good64x64TilingNoiseHighFreq.uasset" 240
"../../../Engine/Content/EngineMaterials/Grid_N.uasset" 241
"../../../Engine/Content/EngineMaterials/HairColorMap.uasset" 242
"../../../Engine/Content/EngineMaterials/HairDebugColor.uasset" 243
"../../../Engine/Content/EngineMaterials/HairDebugMaterial.uasset" 244
"../../../Engine/Content/EngineMaterials/HairDefaultMaterial.uasset" 245
"../../../Engine/Content/EngineMaterials/HighResolutionScreenshotMaskFunction.uasset" 246
"../../../Engine/Content/EngineMaterials/HighResScreenshot.uasset" 247
"../../../Engine/Content/EngineMaterials/HighResScreenshotCaptureRegion.uasset" 248
"../../../Engine/Content/EngineMaterials/HighResScreenshotMask.uasset" 249
"../../../Engine/Content/EngineMaterials/LandscapeHolePhysicalMaterial.uasset" 250
"../../../Engine/Content/EngineMaterials/InvalidLightmapSettings.uasset" 251
"../../../Engine/Content/EngineMaterials/M_InvalidLightmapSettings.uasset" 252
"../../../Engine/Content/EngineMaterials/PaperDiffuse.uasset" 253
"../../../Engine/Content/EngineMaterials/PaperNormal.uasset" 254
"../../../Engine/Content/Functions/Engine_MaterialFunctions02/WorldPositionOffset/CameraOffset.uasset" 255
"../../../Engine/Content/EngineMaterials/PhAT_JointLimitMaterial.uasset" 256
"../../../Engine/Content/EngineMaterials/PhysMat_Rubber.uasset" 257
"../../../Engine/Content/EngineMaterials/PreintegratedSkinBRDF.uasset" 258
"../../../Engine/Content/EngineMaterials/RemoveSurfaceMaterial.uasset" 259
"../../../Engine/Content/EngineMaterials/WeightMapPlaceholderTexture.uasset" 260
"../../../Engine/Content/Functions/Engine_MaterialFunctions01/ImageAdjustment/sRGBToLinear.uasset" 261
"../../../Engine/Content/Functions/Engine_MaterialFunctions02/Utility/BreakOutFloat3Components.uasset" 262
"../../../Engine/Content/EngineMaterials/Widget3DCameraPassThrough_Opaque_OneSided.uasset" 263
"../../../Engine/Content/EngineMaterials/Widget3DPassThrough.uasset" 264
"../../../Engine/Content/EngineMaterials/Widget3DPassThrough_Masked.uasset" 265
"../../../Engine/Content/EngineMaterials/Widget3DPassThrough_Opaque.uasset" 266
"../../../Engine/Content/EngineMaterials/Widget3DPassThrough_Masked_OneSided.uasset" 267
"../../../Engine/Content/EngineMaterials/Widget3DPassThrough_Opaque_OneSided.uasset" 268
"../../../Engine/Content/EngineMaterials/Widget3DPassThrough_Translucent.uasset" 269
"../../../Engine/Content/EngineMaterials/Widget3DPassThrough_Translucent_OneSided.uasset" 270
"../../../Engine/Content/EngineMeshes/Cylinder.uasset" 271
"../../../Engine/Content/EngineMeshes/Sphere.uasset" 272
"../../../Engine/Content/EngineResources/Black.uasset" 273
"../../../Engine/Content/EngineResources/DefaultTexture.uasset" 274
"../../../Engine/Content/EngineResources/DefaultTextureCube.uasset" 275
"../../../Engine/Content/EngineResources/DefaultVolumeTexture2D.uasset" 276
"../../../Engine/Content/EngineResources/DefaultVolumeTexture.uasset" 277
"../../../Engine/Content/EngineResources/GradientTexture0.uasset" 278
"../../../Engine/Content/EngineResources/StreamingPauseIcon.uasset" 279
"../../../Engine/Content/EngineResources/M_StreamingPause.uasset" 280
"../../../Engine/Content/EngineSounds/Master.uasset" 281
"../../../Engine/Content/Functions/Engine_MaterialFunctions01/Shading/PowerToRoughness.uasset" 282
"../../../Engine/Content/Maps/Templates/Thumbnails/Default.uasset" 283
"../../../Engine/Content/Maps/Templates/Thumbnails/TimeOfDay.uasset" 284
"../../../Engine/Content/Maps/Templates/Thumbnails/VR-Basic.uasset" 285
"../../../Engine/Content/MapTemplates/Sky/DaylightAmbientCubemap.uasset" 286
"../../../Engine/Content/MobileResources/T_MobileControls_texture.uasset" 287
"../../../Engine/Content/MobileResources/T_MobileMenu2.uasset" 288
"../../../Engine/Content/MobileResources/HUD/AnalogHat.uasset" 289
"../../../Engine/Content/MobileResources/HUD/VirtualJoystick_Background.uasset" 290
"../../../Engine/Content/MobileResources/HUD/VirtualJoystick_Thumb.uasset" 291
"../../../Engine/Content/MobileResources/HUD/DefaultVirtualJoysticks.uasset" 292
"../../../Engine/Content/MobileResources/HUD/LeftVirtualJoystickOnly.uasset" 293
"../../../Engine/Content/MobileResources/HUD/MobileHUDButton1_off.uasset" 294
"../../../Engine/Content/MobileResources/HUD/MobileHUDButton1_on.uasset" 295
"../../../Engine/Content/MobileResources/HUD/MobileHUDButton2_off.uasset" 296
"../../../Engine/Content/MobileResources/HUD/MobileHUDButton2_on.uasset" 297
"../../../Engine/Content/MobileResources/HUD/MobileHUDButton3.uasset" 298
"../../../Engine/Content/MobileResources/HUD/MobileHUDButtonFire.uasset" 299
"../../../Engine/Content/MobileResources/HUD/MobileHUDDirectionPad.uasset" 300
"../../../Engine/Content/MobileResources/HUD/MobileHUDDirectionPad2.uasset" 301
"../../../Engine/Content/MobileResources/HUD/MobileHUDDirectionPad3.uasset" 302
"../../../Engine/Content/MobileResources/HUD/MobileHUDDirectionStick.uasset" 303
"../../../Engine/Content/MobileResources/HUD/T_Castle_ThumbstickInner.uasset" 304
"../../../Engine/Content/MobileResources/HUD/T_Castle_ThumbstickOutter.uasset" 305
"../../../Engine/Content/Tutorial/ContentIntroCurve.uasset" 306
"../../../Engine/Content/Tutorial/Basics/LevelEditorAttract.uasset" 307
"../../../Engine/Content/Tutorial/Basics/TutorialAssets/icon_tab_Levels_40x.uasset" 308
"../../../Engine/Content/Tutorial/Basics/LevelEditorOverview.uasset" 309
"../../../Engine/Content/VREditor/LaserPointer/VR_LaserPower_01.uasset" 310
"../../../Engine/Content/VREditor/TransformGizmo/TransformGizmoMaterial.uasset" 311
"../../../Engine/Content/VREditor/TransformGizmo/TranslucentTransformGizmoMaterial.uasset" 312
"../../../Engine/Content/VREditor/TransformGizmo/BoundingBoxCorner.uasset" 313
"../../../Engine/Content/VREditor/TransformGizmo/BoundingBoxEdge.uasset" 314
"../../../Engine/Content/VREditor/TransformGizmo/PlaneTranslationHandle.uasset" 315
"../../../Engine/Content/VREditor/TransformGizmo/Main.uasset" 316
"../../../Engine/Content/VREditor/TransformGizmo/Xray.uasset" 317
"../../../Engine/Content/VREditor/TransformGizmo/SM_Sequencer_Key.uasset" 318
"../../../Engine/Content/VREditor/TransformGizmo/SM_Sequencer_Node.uasset" 319
"../../../Engine/Content/Animation/DefaultAnimCurveCompressionSettings.uasset" 320
"D:/New folder (3)/Unreal Projects/MyProject2/Content/Character/NewFolder/idk_Skeleton.uasset" 321
"D:/New folder (3)/Unreal Projects/MyProject2/Content/Character/NewFolder/animation/Fast_Run_4_.uasset" 322
"D:/New folder (3)/Unreal Projects/MyProject2/Content/Character/NewFolder/animation/Idle_1_.uasset" 323
"D:/New folder (3)/Unreal Projects/MyProject2/Content/Character/NewFolder/animation/Left_Strafe.uasset" 324
"D:/New folder (3)/Unreal Projects/MyProject2/Content/Character/NewFolder/animation/Left_Strafe_1_.uasset" 325
"D:/New folder (3)/Unreal Projects/MyProject2/Content/Character/NewFolder/animation/Run_Backward.uasset" 326
"D:/New folder (3)/Unreal Projects/MyProject2/Content/Character/NewFolder/animation/Running_4_.uasset" 327
"D:/New folder (3)/Unreal Projects/MyProject2/Content/Character/NewFolder/animation/Walking_3_.uasset" 328
"D:/New folder (3)/Unreal Projects/MyProject2/Content/Character/NewFolder/animation/BSP-idk.uasset" 329
"D:/New folder (3)/Unreal Projects/MyProject2/Content/Character/NewFolder/animation/Crouching/Crouch_Idle.uasset" 330
"D:/New folder (3)/Unreal Projects/MyProject2/Content/Character/NewFolder/animation/Crouching/Crouched_Walking.uasset" 331
"D:/New folder (3)/Unreal Projects/MyProject2/Content/Character/NewFolder/animation/Crouching/BSP-Crouched.uasset" 332
"D:/New folder (3)/Unreal Projects/MyProject2/Content/Character/NewFolder/animation/Standing_Idle_2_.uasset" 333
"D:/New folder (3)/Unreal Projects/MyProject2/Content/Character/NewFolder/animation/Standing_Run_Forward.uasset" 334
"D:/New folder (3)/Unreal Projects/MyProject2/Content/Character/NewFolder/animation/Standing_Walk_Back.uasset" 335
"D:/New folder (3)/Unreal Projects/MyProject2/Content/Character/NewFolder/animation/Standing_Walk_Forward.uasset" 336
"D:/New folder (3)/Unreal Projects/MyProject2/Content/Character/NewFolder/animation/Standing_Walk_Left_1_.uasset" 337
"D:/New folder (3)/Unreal Projects/MyProject2/Content/Character/NewFolder/animation/Standing_Walk_Right.uasset" 338
"D:/New folder (3)/Unreal Projects/MyProject2/Content/Character/NewFolder/animation/Crouching/BSP_Armed.uasset" 339
"../../../Engine/Content/EditorBlueprintResources/StandardMacros.uasset" 340
"D:/New folder (3)/Unreal Projects/MyProject2/Content/BP/BPI_Character.uasset" 341
"D:/New folder (3)/Unreal Projects/MyProject2/Content/Character/Human/BPA_idk.uasset" 342
"D:/New folder (3)/Unreal Projects/MyProject2/Content/Character/enemigo/ganfaul_m_aure_Skeleton.uasset" 343
"D:/New folder (3)/Unreal Projects/MyProject2/Content/Character/enemigo/Animation/Standing_Death_Backward_01_Anim_mixamo_com.uasset" 344
"D:/New folder (3)/Unreal Projects/MyProject2/Content/Character/enemigo/Animation/Standing_Death_Backward_01_Anim_mixamo_com_Montage.uasset" 345
"D:/New folder (3)/Unreal Projects/MyProject2/Content/Character/enemigo/Animation/Standing_React_Large_From_Left.uasset" 346
"D:/New folder (3)/Unreal Projects/MyProject2/Content/Character/enemigo/Animation/Standing_React_Large_From_Left_Montage.uasset" 347
"D:/New folder (3)/Unreal Projects/MyProject2/Content/Character/NewFolder/animation/Sword_And_Shield_Slash__2_.uasset" 348
"D:/New folder (3)/Unreal Projects/MyProject2/Content/Audio/Sword/471147__worldmaxter__sword-slide.uasset" 349
"D:/New folder (3)/Unreal Projects/MyProject2/Content/Audio/Sword/SC1.uasset" 350
"D:/New folder (3)/Unreal Projects/MyProject2/Content/Character/NewFolder/animation/Attack_Montage.uasset" 351
"D:/New folder (3)/Unreal Projects/MyProject2/Content/Character/NewFolder/animation/Jump_1_.uasset" 352
"D:/New folder (3)/Unreal Projects/MyProject2/Content/Character/NewFolder/animation/jumpingmon.uasset" 353
"D:/New folder (3)/Unreal Projects/MyProject2/Content/Character/NewFolder/animation/Standing_Block_Idle.uasset" 354
"D:/New folder (3)/Unreal Projects/MyProject2/Content/Character/NewFolder/animation/Standing_Block_Idle_Montage.uasset" 355
"D:/New folder (3)/Unreal Projects/MyProject2/Content/Character/NewFolder/animation/Standing_Death_Backward_01_1_.uasset" 356
"D:/New folder (3)/Unreal Projects/MyProject2/Content/Character/NewFolder/animation/Standing_Death_Backward_01_1__Montage.uasset" 357
"D:/New folder (3)/Unreal Projects/MyProject2/Content/Character/NewFolder/animation/Standing_Melee_Attack_360_High__1_.uasset" 358
"D:/New folder (3)/Unreal Projects/MyProject2/Content/Character/NewFolder/animation/Standing_Melee1_Montage.uasset" 359
"D:/New folder (3)/Unreal Projects/MyProject2/Content/Character/NewFolder/animation/Standing_Melee_Attack_360_Low.uasset" 360
"D:/New folder (3)/Unreal Projects/MyProject2/Content/Character/NewFolder/animation/Standing_Melee_Attack_360_Low_Montage.uasset" 361
"D:/New folder (3)/Unreal Projects/MyProject2/Content/Character/NewFolder/animation/Standing_React_Large_From_Left_1_.uasset" 362
"D:/New folder (3)/Unreal Projects/MyProject2/Content/Character/NewFolder/animation/Standing_React_Large_From_Left_1__Montage.uasset" 363
"D:/New folder (3)/Unreal Projects/MyProject2/Content/Character/NewFolder/animation/Sword_And_Shield_Power_Up.uasset" 364
"D:/New folder (3)/Unreal Projects/MyProject2/Content/Character/NewFolder/animation/Sword_And_Shield_Power_Up_Montage.uasset" 365
"D:/New folder (3)/Unreal Projects/MyProject2/Content/Character/NewFolder/animation/Unarmed_Equip_Over_Shoulder__1_.uasset" 366
"D:/New folder (3)/Unreal Projects/MyProject2/Content/Character/NewFolder/animation/UnarmedMontage.uasset" 367
"D:/New folder (3)/Unreal Projects/MyProject2/Content/Particles/swordtrail/cube/cube_Shape_Cube_Skeleton.uasset" 368
"D:/New folder (3)/Unreal Projects/MyProject2/Content/Particles/swordtrail/sword.uasset" 369
"D:/New folder (3)/Unreal Projects/MyProject2/Content/Particles/swordtrail/P_sword.uasset" 370
"D:/New folder (3)/Unreal Projects/MyProject2/Content/Particles/swordtrail/cube/cubeanim.uasset" 371
"D:/New folder (3)/Unreal Projects/MyProject2/Content/BP/BPI_Damageable.uasset" 372
"D:/New folder (3)/Unreal Projects/MyProject2/Content/BP/BPI_Ai.uasset" 373
"D:/New folder (3)/Unreal Projects/MyProject2/Content/Character/Human/Ai_Human.uasset" 374
"D:/New folder (3)/Unreal Projects/MyProject2/Content/Character/enemigo/Animation/Fast_Run_5_.uasset" 375
"D:/New folder (3)/Unreal Projects/MyProject2/Content/Character/enemigo/Animation/Standing_Idle_3_.uasset" 376
"D:/New folder (3)/Unreal Projects/MyProject2/Content/Character/enemigo/Animation/Standing_Run_Forward_1_.uasset" 377
"D:/New folder (3)/Unreal Projects/MyProject2/Content/Character/enemigo/Animation/Standing_Walk_Back_1_.uasset" 378
"D:/New folder (3)/Unreal Projects/MyProject2/Content/Character/enemigo/Animation/Standing_Walk_Forward_1_.uasset" 379
"D:/New folder (3)/Unreal Projects/MyProject2/Content/Character/enemigo/Animation/Standing_Walk_Left.uasset" 380
"D:/New folder (3)/Unreal Projects/MyProject2/Content/Character/enemigo/Animation/Standing_Walk_Right_2_.uasset" 381
"D:/New folder (3)/Unreal Projects/MyProject2/Content/Character/enemigo/Animation/BSP_Armed.uasset" 382
"D:/New folder (3)/Unreal Projects/MyProject2/Content/Character/enemigo/Animation/Idle_8_.uasset" 383
"D:/New folder (3)/Unreal Projects/MyProject2/Content/Character/enemigo/Animation/Left_Strafe_2_.uasset" 384
"D:/New folder (3)/Unreal Projects/MyProject2/Content/Character/enemigo/Animation/Left_Strafe_3_.uasset" 385
"D:/New folder (3)/Unreal Projects/MyProject2/Content/Character/enemigo/Animation/Running_5_.uasset" 386
"D:/New folder (3)/Unreal Projects/MyProject2/Content/Character/enemigo/Animation/Walking_4_.uasset" 387
"D:/New folder (3)/Unreal Projects/MyProject2/Content/Character/enemigo/Animation/Walking_Backward_2_.uasset" 388
"D:/New folder (3)/Unreal Projects/MyProject2/Content/Character/enemigo/Animation/BSP_Enemigo.uasset" 389
"D:/New folder (3)/Unreal Projects/MyProject2/Content/Character/enemigo/Animation/Crouch_Idle_1_.uasset" 390
"D:/New folder (3)/Unreal Projects/MyProject2/Content/Character/enemigo/Animation/Crouched_Sneaking_Right_2_.uasset" 391
"D:/New folder (3)/Unreal Projects/MyProject2/Content/Character/enemigo/Animation/Crouched_Sneaking_Right_3_.uasset" 392
"D:/New folder (3)/Unreal Projects/MyProject2/Content/Character/enemigo/Animation/Crouched_Walking_1_.uasset" 393
"D:/New folder (3)/Unreal Projects/MyProject2/Content/Character/enemigo/Animation/BSP_EnemyCrouched.uasset" 394
"D:/New folder (3)/Unreal Projects/MyProject2/Content/Character/Human/BPA_Enemy.uasset" 395
"D:/New folder (3)/Unreal Projects/MyProject2/Content/Character/enemigo/Animation/Jump_2_.uasset" 396
"D:/New folder (3)/Unreal Projects/MyProject2/Content/Character/enemigo/Animation/JumpMonta.uasset" 397
"D:/New folder (3)/Unreal Projects/MyProject2/Content/Character/enemigo/Animation/Standing_Melee_Attack_360_High_1_.uasset" 398
"D:/New folder (3)/Unreal Projects/MyProject2/Content/Character/enemigo/Animation/Standing_Melee_Attack_360_High_1__Montage.uasset" 399
"D:/New folder (3)/Unreal Projects/MyProject2/Content/Character/enemigo/Animation/Standing_Melee_Attack_360_Low_1_.uasset" 400
"D:/New folder (3)/Unreal Projects/MyProject2/Content/Character/enemigo/Animation/Standing_Melee_Attack_360_Low_1__Montage.uasset" 401
"D:/New folder (3)/Unreal Projects/MyProject2/Content/Character/enemigo/Animation/Sword_And_Shield_Attack.uasset" 402
"D:/New folder (3)/Unreal Projects/MyProject2/Content/Character/enemigo/Animation/Sword_And_Shield_Attack_Montage.uasset" 403
"D:/New folder (3)/Unreal Projects/MyProject2/Content/Character/enemigo/Animation/Unarmed_Equip_Over_Shoulder_1_.uasset" 404
"D:/New folder (3)/Unreal Projects/MyProject2/Content/Character/enemigo/Animation/Unarmed_Equip_Over_Shoulder_1__Montage.uasset" 405
"D:/New folder (3)/Unreal Projects/MyProject2/Content/BP/BPI_UI.uasset" 406
"D:/New folder (3)/Unreal Projects/MyProject2/Content/Character/Human/Ch_Player.uasset" 407
"D:/New folder (3)/Unreal Projects/MyProject2/Content/effects/CameraShake/Skake_attack.uasset" 408
"../../../Engine/Content/Functions/Engine_MaterialFunctions01/WorldPositionOffset/SimpleGrassWind.uasset" 409
"D:/New folder (3)/Unreal Projects/MyProject2/Content/Materials/MP_Global.uasset" 410
"D:/New folder (3)/Unreal Projects/MyProject2/Content/Materials/MF_global.uasset" 411
"D:/New folder (3)/Unreal Projects/MyProject2/Content/Meadow_Environment_Set/Environment/Foliage/Textures/T_Poplar_bark_06_BC.uasset" 412
"D:/New folder (3)/Unreal Projects/MyProject2/Content/Meadow_Environment_Set/Environment/Foliage/Textures/T_Poplar_bark_06_MT_R_AO.uasset" 413
"D:/New folder (3)/Unreal Projects/MyProject2/Content/Meadow_Environment_Set/Environment/Foliage/Textures/T_Poplar_bark_06_N.uasset" 414
"D:/New folder (3)/Unreal Projects/MyProject2/Content/Meadow_Environment_Set/Environment/Foliage/Materials/M_Bark.uasset" 415
"D:/New folder (3)/Unreal Projects/MyProject2/Content/StarterContent/Textures/T_MacroVariation.uasset" 416
"D:/New folder (3)/Unreal Projects/MyProject2/Content/StarterContent/Textures/T_Metal_Aluminum_D.uasset" 417
"D:/New folder (3)/Unreal Projects/MyProject2/Content/StarterContent/Textures/T_Metal_Gold_N.uasset" 418
"D:/New folder (3)/Unreal Projects/MyProject2/Content/StarterContent/Materials/M_Metal_Burnished_Steel.uasset" 419
"D:/New folder (3)/Unreal Projects/MyProject2/Content/StarterContent/Materials/M_Metal_Chrome.uasset" 420
"D:/New folder (3)/Unreal Projects/MyProject2/Content/StarterContent/Textures/T_Wood_Oak_D.uasset" 421
"D:/New folder (3)/Unreal Projects/MyProject2/Content/StarterContent/Textures/T_Wood_Oak_N.uasset" 422
"D:/New folder (3)/Unreal Projects/MyProject2/Content/StarterContent/Materials/M_Wood_Oak.uasset" 423
"D:/New folder (3)/Unreal Projects/MyProject2/Content/Arrow/sword/sword.uasset" 424
"D:/New folder (3)/Unreal Projects/MyProject2/Content/Audio/footsteps/sfx_step_grass_l.uasset" 425
"D:/New folder (3)/Unreal Projects/MyProject2/Content/Character/enemigo/Ganfaul_diffuse.uasset" 426
"D:/New folder (3)/Unreal Projects/MyProject2/Content/Character/enemigo/Ganfaul_glow.uasset" 427
"D:/New folder (3)/Unreal Projects/MyProject2/Content/Character/enemigo/Ganfaul_normal.uasset" 428
"D:/New folder (3)/Unreal Projects/MyProject2/Content/Character/enemigo/Ganfaul_specular.uasset" 429
"D:/New folder (3)/Unreal Projects/MyProject2/Content/Character/enemigo/Ganfaul_Body.uasset" 430
"D:/New folder (3)/Unreal Projects/MyProject2/Content/Character/enemigo/ganfaul_m_aure_PhysicsAsset.uasset" 431
"D:/New folder (3)/Unreal Projects/MyProject2/Content/Character/enemigo/ganfaul_m_aure.uasset" 432
"D:/New folder (3)/Unreal Projects/MyProject2/Content/Particles/swordtrail/cube/M_Basic_Wall.uasset" 433
"D:/New folder (3)/Unreal Projects/MyProject2/Content/Particles/swordtrail/cube/cube_Shape_Cube_PhysicsAsset.uasset" 434
"D:/New folder (3)/Unreal Projects/MyProject2/Content/Particles/swordtrail/cube/SK_trail.uasset" 435
"D:/New folder (3)/Unreal Projects/MyProject2/Content/Character/Human/Ch_Enemy.uasset" 436
"D:/New folder (3)/Unreal Projects/MyProject2/Content/Character/Human/SpawnPoint.uasset" 437
"D:/New folder (3)/Unreal Projects/MyProject2/Content/Audio/Personaje/rage1.uasset" 438
"D:/New folder (3)/Unreal Projects/MyProject2/Content/Character/NewFolder/principal_Beard_Diffuse.uasset" 439
"D:/New folder (3)/Unreal Projects/MyProject2/Content/Character/NewFolder/principal_Beard_Gloss.uasset" 440
"D:/New folder (3)/Unreal Projects/MyProject2/Content/Character/NewFolder/principal_Beard_Normal.uasset" 441
"D:/New folder (3)/Unreal Projects/MyProject2/Content/Character/NewFolder/principal_Beard_Specular.uasset" 442
"D:/New folder (3)/Unreal Projects/MyProject2/Content/Character/NewFolder/Beardmat.uasset" 443
"D:/New folder (3)/Unreal Projects/MyProject2/Content/Character/NewFolder/principal_Body_Diffuse.uasset" 444
"D:/New folder (3)/Unreal Projects/MyProject2/Content/Character/NewFolder/principal_Body_Gloss.uasset" 445
"D:/New folder (3)/Unreal Projects/MyProject2/Content/Character/NewFolder/principal_Body_Normal.uasset" 446
"D:/New folder (3)/Unreal Projects/MyProject2/Content/Character/NewFolder/principal_Body_Specular.uasset" 447
"D:/New folder (3)/Unreal Projects/MyProject2/Content/Character/NewFolder/Bodymat.uasset" 448
"D:/New folder (3)/Unreal Projects/MyProject2/Content/Character/NewFolder/Bodymat_001.uasset" 449
"D:/New folder (3)/Unreal Projects/MyProject2/Content/Character/NewFolder/Bodymat_002.uasset" 450
"D:/New folder (3)/Unreal Projects/MyProject2/Content/Character/NewFolder/principal_Bottom_Diffuse.uasset" 451
"D:/New folder (3)/Unreal Projects/MyProject2/Content/Character/NewFolder/principal_Bottom_Gloss.uasset" 452
"D:/New folder (3)/Unreal Projects/MyProject2/Content/Character/NewFolder/principal_Bottom_Normal.uasset" 453
"D:/New folder (3)/Unreal Projects/MyProject2/Content/Character/NewFolder/principal_Bottom_Specular.uasset" 454
"D:/New folder (3)/Unreal Projects/MyProject2/Content/Character/NewFolder/Bottommat.uasset" 455
"D:/New folder (3)/Unreal Projects/MyProject2/Content/Character/NewFolder/principal_Hair_Diffuse.uasset" 456
"D:/New folder (3)/Unreal Projects/MyProject2/Content/Character/NewFolder/principal_Hair_Gloss.uasset" 457
"D:/New folder (3)/Unreal Projects/MyProject2/Content/Character/NewFolder/principal_Hair_Normal.uasset" 458
"D:/New folder (3)/Unreal Projects/MyProject2/Content/Character/NewFolder/principal_Hair_Specular.uasset" 459
"D:/New folder (3)/Unreal Projects/MyProject2/Content/Character/NewFolder/Hairmat.uasset" 460
"D:/New folder (3)/Unreal Projects/MyProject2/Content/Character/NewFolder/principal_Moustache_Diffuse.uasset" 461
"D:/New folder (3)/Unreal Projects/MyProject2/Content/Character/NewFolder/principal_Moustache_Gloss.uasset" 462
"D:/New folder (3)/Unreal Projects/MyProject2/Content/Character/NewFolder/principal_Moustache_Normal.uasset" 463
"D:/New folder (3)/Unreal Projects/MyProject2/Content/Character/NewFolder/principal_Moustache_Specular.uasset" 464
"D:/New folder (3)/Unreal Projects/MyProject2/Content/Character/NewFolder/Moustachemat.uasset" 465
"D:/New folder (3)/Unreal Projects/MyProject2/Content/Character/NewFolder/principal_Shoes_Diffuse.uasset" 466
"D:/New folder (3)/Unreal Projects/MyProject2/Content/Character/NewFolder/principal_Shoes_Gloss.uasset" 467
"D:/New folder (3)/Unreal Projects/MyProject2/Content/Character/NewFolder/principal_Shoes_Normal.uasset" 468
"D:/New folder (3)/Unreal Projects/MyProject2/Content/Character/NewFolder/principal_Shoes_Specular.uasset" 469
"D:/New folder (3)/Unreal Projects/MyProject2/Content/Character/NewFolder/Shoesmat.uasset" 470
"D:/New folder (3)/Unreal Projects/MyProject2/Content/Character/NewFolder/idk_PhysicsAsset.uasset" 471
"D:/New folder (3)/Unreal Projects/MyProject2/Content/Character/NewFolder/idk.uasset" 472
"D:/New folder (3)/Unreal Projects/MyProject2/Content/StarterContent/Textures/T_Burst_M.uasset" 473
"D:/New folder (3)/Unreal Projects/MyProject2/Content/StarterContent/Particles/Materials/M_Burst.uasset" 474
"D:/New folder (3)/Unreal Projects/MyProject2/Content/StarterContent/Textures/T_Explosion_SubUV.uasset" 475
"D:/New folder (3)/Unreal Projects/MyProject2/Content/StarterContent/Particles/Materials/M_explosion_subUV.uasset" 476
"D:/New folder (3)/Unreal Projects/MyProject2/Content/StarterContent/Particles/Materials/m_flare_01.uasset" 477
"../../../Engine/Content/Functions/Engine_MaterialFunctions01/Gradient/RadialGradient.uasset" 478
"D:/New folder (3)/Unreal Projects/MyProject2/Content/StarterContent/Particles/Materials/M_radial_ramp.uasset" 479
"D:/New folder (3)/Unreal Projects/MyProject2/Content/StarterContent/Textures/T_Smoke_SubUV.uasset" 480
"D:/New folder (3)/Unreal Projects/MyProject2/Content/StarterContent/Textures/T_Smoke_Tiled_D.uasset" 481
"D:/New folder (3)/Unreal Projects/MyProject2/Content/StarterContent/Particles/Materials/M_smoke_subUV.uasset" 482
"D:/New folder (3)/Unreal Projects/MyProject2/Content/StarterContent/Particles/P_Explosion.uasset" 483
"D:/New folder (3)/Unreal Projects/MyProject2/Content/StarterContent/Textures/T_Fire_SubUV.uasset" 484
"D:/New folder (3)/Unreal Projects/MyProject2/Content/StarterContent/Textures/T_Fire_Tiled_D.uasset" 485
"D:/New folder (3)/Unreal Projects/MyProject2/Content/StarterContent/Particles/Materials/M_Fire_SubUV.uasset" 486
"D:/New folder (3)/Unreal Projects/MyProject2/Content/StarterContent/Textures/T_Water_N.uasset" 487
"D:/New folder (3)/Unreal Projects/MyProject2/Content/StarterContent/Particles/Materials/M_Heat_Distortion.uasset" 488
"D:/New folder (3)/Unreal Projects/MyProject2/Content/StarterContent/Particles/Materials/M_Radial_Gradient.uasset" 489
"D:/New folder (3)/Unreal Projects/MyProject2/Content/StarterContent/Particles/P_Fire.uasset" 490
"D:/New folder (3)/Unreal Projects/MyProject2/Content/Fonts/st______.uasset" 491
"D:/New folder (3)/Unreal Projects/MyProject2/Content/Fonts/st_______Font.uasset" 492
"D:/New folder (3)/Unreal Projects/MyProject2/Content/Images/FONDO.uasset" 493
"D:/New folder (3)/Unreal Projects/MyProject2/Content/UI/Controls.uasset" 494
"D:/New folder (3)/Unreal Projects/MyProject2/Content/UI/PauseMenu.uasset" 495
"D:/New folder (3)/Unreal Projects/MyProject2/Content/UI/Wave.uasset" 496
"D:/New folder (3)/Unreal Projects/MyProject2/Content/Images/Dark_Souls_You_Died_Screen_-_Completely_Black_Screen_0-2_screenshot.uasset" 497
"D:/New folder (3)/Unreal Projects/MyProject2/Content/UI/wdg_muerte.uasset" 498
"D:/New folder (3)/Unreal Projects/MyProject2/Content/Character/Human/Ch_Human.uasset" 499
"D:/New folder (3)/Unreal Projects/MyProject2/Content/potion/Cork.uasset" 500
"D:/New folder (3)/Unreal Projects/MyProject2/Content/potion/Glass.uasset" 501
"D:/New folder (3)/Unreal Projects/MyProject2/Content/potion/Gold.uasset" 502
"D:/New folder (3)/Unreal Projects/MyProject2/Content/potion/Liquid.uasset" 503
"D:/New folder (3)/Unreal Projects/MyProject2/Content/potion/health_potion.uasset" 504
"D:/New folder (3)/Unreal Projects/MyProject2/Content/UI/cajavida.uasset" 505
"D:/New folder (3)/Unreal Projects/MyProject2/Content/UI/Enemy_wdg.uasset" 506
"D:/New folder (3)/Unreal Projects/MyProject2/Content/Images/BACKGROUND2-0.uasset" 507
"D:/New folder (3)/Unreal Projects/MyProject2/Content/UI/Options.uasset" 508
"../../Plugins/2D/Paper2D/Content/PlaceholderTextures/DummySpriteTexture.uasset" 509
"../../Plugins/2D/Paper2D/Content/DummySprite.uasset" 510
"../../Plugins/2D/Paper2D/Content/DefaultPaperTerrainMaterial.uasset" 511
"../../Plugins/2D/Paper2D/Content/DefaultSpriteMaterial.uasset" 512
"../../Plugins/2D/Paper2D/Content/MaskedUnlitSpriteMaterial.uasset" 513
"../../Plugins/2D/Paper2D/Content/OpaqueUnlitSpriteMaterial.uasset" 514
"../../../Engine/Content/Functions/Engine_MaterialFunctions02/Utility/BreakOutFloat4Components.uasset" 515
"../../Plugins/Runtime/Oculus/OculusVR/Content/Materials/OculusMR_ChromaKey.uasset" 516
"../../Plugins/Runtime/Oculus/OculusVR/Content/Materials/OculusMR_ChromaKey_Lit.uasset" 517
"../../Plugins/Runtime/Oculus/OculusVR/Content/Materials/OculusMR_OpaqueColoredMaterial.uasset" 518
"../../Plugins/Runtime/Oculus/OculusVR/Content/Materials/OculusMR_WhiteMaterial.uasset" 519
"../../../Engine/Content/Maps/Entry_BuiltData.uasset" 520
"../../../Engine/Content/Maps/Entry.umap" 521
"D:/New folder (3)/Unreal Projects/MyProject2/Content/Images/12133.uasset" 522
"D:/New folder (3)/Unreal Projects/MyProject2/Content/Images/Credit.uasset" 523
"D:/New folder (3)/Unreal Projects/MyProject2/Content/Images/Creditos2.uasset" 524
"D:/New folder (3)/Unreal Projects/MyProject2/Content/UI/Credits.uasset" 525
"D:/New folder (3)/Unreal Projects/MyProject2/Content/UI/mainMenu.uasset" 526
"D:/New folder (3)/Unreal Projects/MyProject2/Content/levels/MainMenu.umap" 527
"D:/New folder (3)/Unreal Projects/MyProject2/Content/Character/Monster/enemy2_Skeleton.uasset" 528
"D:/New folder (3)/Unreal Projects/MyProject2/Content/Character/Monster/Animation/Mutant_Breathing_Idle.uasset" 529
"D:/New folder (3)/Unreal Projects/MyProject2/Content/Character/Monster/Animation/Mutant_Run.uasset" 530
"D:/New folder (3)/Unreal Projects/MyProject2/Content/Character/Monster/Animation/Mutant_Walking.uasset" 531
"D:/New folder (3)/Unreal Projects/MyProject2/Content/Character/Monster/Animation/Right_Strafe_Walking_3_.uasset" 532
"D:/New folder (3)/Unreal Projects/MyProject2/Content/Character/Monster/Animation/Right_Strafe_Walking_4_.uasset" 533
"D:/New folder (3)/Unreal Projects/MyProject2/Content/Character/Monster/Animation/Walking_Backwards_2_.uasset" 534
"D:/New folder (3)/Unreal Projects/MyProject2/Content/Character/Monster/Animation/BSP_Walking.uasset" 535
"D:/New folder (3)/Unreal Projects/MyProject2/Content/Character/Human/BPA_Enemy2.uasset" 536
"D:/New folder (3)/Unreal Projects/MyProject2/Content/Character/Monster/Animation/Mutant_Dying.uasset" 537
"D:/New folder (3)/Unreal Projects/MyProject2/Content/Character/Monster/Animation/Mutant_Dying_Montage.uasset" 538
"D:/New folder (3)/Unreal Projects/MyProject2/Content/Character/Monster/Animation/Mutant_Punch.uasset" 539
"D:/New folder (3)/Unreal Projects/MyProject2/Content/Character/Monster/Animation/Mutant_Punch_Montage.uasset" 540
"D:/New folder (3)/Unreal Projects/MyProject2/Content/Character/Monster/Animation/Mutant_Swiping.uasset" 541
"D:/New folder (3)/Unreal Projects/MyProject2/Content/Character/Monster/Animation/Mutant_Swiping_Montage.uasset" 542
"D:/New folder (3)/Unreal Projects/MyProject2/Content/Character/Monster/Animation/Standing_React_Large_From_Left_2_.uasset" 543
"D:/New folder (3)/Unreal Projects/MyProject2/Content/Character/Monster/Animation/Standing_React_Large_From_Left_2__Montage.uasset" 544
"D:/New folder (3)/Unreal Projects/MyProject2/Content/Character/Monster/bear_alpha.uasset" 545
"D:/New folder (3)/Unreal Projects/MyProject2/Content/Character/Monster/bear_diffuse.uasset" 546
"D:/New folder (3)/Unreal Projects/MyProject2/Content/Character/Monster/bear_normal.uasset" 547
"D:/New folder (3)/Unreal Projects/MyProject2/Content/Character/Monster/bear_specular.uasset" 548
"D:/New folder (3)/Unreal Projects/MyProject2/Content/Character/Monster/warrok_MAT.uasset" 549
"D:/New folder (3)/Unreal Projects/MyProject2/Content/Character/Monster/enemy2_PhysicsAsset.uasset" 550
"D:/New folder (3)/Unreal Projects/MyProject2/Content/Character/Monster/enemy2.uasset" 551
"D:/New folder (3)/Unreal Projects/MyProject2/Content/Character/Human/Ch_Enemy1.uasset" 552
"../../../Engine/Content/EngineSky/C_Sky_Cloud_Color.uasset" 553
"../../../Engine/Content/EngineSky/C_Sky_Horizon_Color.uasset" 554
"../../../Engine/Content/EngineSky/C_Sky_Zenith_Color.uasset" 555
"../../../Engine/Content/EngineSky/T_Sky_Blue.uasset" 556
"../../../Engine/Content/EngineSky/T_Sky_Clouds_M.uasset" 557
"../../../Engine/Content/EngineSky/T_Sky_Stars.uasset" 558
"../../../Engine/Content/EngineSky/M_Sky_Panning_Clouds2.uasset" 559
"../../../Engine/Content/EngineSky/SM_SkySphere.uasset" 560
"../../../Engine/Content/EngineSky/BP_Sky_Sphere.uasset" 561
"D:/New folder (3)/Unreal Projects/MyProject2/Content/Images/vida2.uasset" 562
"D:/New folder (3)/Unreal Projects/MyProject2/Content/UI/wdg_HUD.uasset" 563
"D:/New folder (3)/Unreal Projects/MyProject2/Content/UI/BP_HUD.uasset" 564
"D:/New folder (3)/Unreal Projects/MyProject2/Content/ThirdPersonBP/Blueprints/ThirdPersonGameMode.uasset" 565
"../../../Engine/Content/Functions/Engine_MaterialFunctions01/SpeedTree/SpeedTreeColorVariation.uasset" 566
"../../../Engine/Content/Functions/Engine_MaterialFunctions02/WorldPositionOffset/ObjectPivotPoint.uasset" 567
"D:/New folder (3)/Unreal Projects/MyProject2/Content/PN_OpenWorldFoliage/Materials/MaterialCollection.uasset" 568
"D:/New folder (3)/Unreal Projects/MyProject2/Content/PN_OpenWorldFoliage/Materials/Bending.uasset" 569
"D:/New folder (3)/Unreal Projects/MyProject2/Content/PN_OpenWorldFoliage/Materials/Interaction.uasset" 570
"D:/New folder (3)/Unreal Projects/MyProject2/Content/PN_OpenWorldFoliage/Textures/grass_albedo.uasset" 571
"D:/New folder (3)/Unreal Projects/MyProject2/Content/PN_OpenWorldFoliage/Textures/grass_normal.uasset" 572
"D:/New folder (3)/Unreal Projects/MyProject2/Content/PN_OpenWorldFoliage/Textures/grass_opacity.uasset" 573
"D:/New folder (3)/Unreal Projects/MyProject2/Content/PN_OpenWorldFoliage/Textures/grass_spec.uasset" 574
"D:/New folder (3)/Unreal Projects/MyProject2/Content/PN_OpenWorldFoliage/Materials/MA_OpenWorldFoliage.uasset" 575
"D:/New folder (3)/Unreal Projects/MyProject2/Content/PN_OpenWorldFoliage/Materials/MI_OpenWorldFoliage.uasset" 576
"D:/New folder (3)/Unreal Projects/MyProject2/Content/PN_OpenWorldFoliage/Meshes/openWorld_flower_02_01.uasset" 577
"D:/New folder (3)/Unreal Projects/MyProject2/Content/PN_OpenWorldFoliage/Meshes/openWorld_grass_01_02_03.uasset" 578
"D:/New folder (3)/Unreal Projects/MyProject2/Content/PN_OpenWorldFoliage/Meshes/openWorld_grass_02_03_04.uasset" 579
"D:/New folder (3)/Unreal Projects/MyProject2/Content/Foliage/GT_1.uasset" 580
"D:/New folder (3)/Unreal Projects/MyProject2/Content/Meadow_Environment_Set/Environment/Foliage/Textures/T_Tree_Stumps_BC.uasset" 581
"D:/New folder (3)/Unreal Projects/MyProject2/Content/Meadow_Environment_Set/Environment/Foliage/Textures/T_Tree_Stumps_MT_R_AO.uasset" 582
"D:/New folder (3)/Unreal Projects/MyProject2/Content/Meadow_Environment_Set/Environment/Foliage/Textures/T_Tree_Stumps_N.uasset" 583
"D:/New folder (3)/Unreal Projects/MyProject2/Content/Meadow_Environment_Set/Environment/Foliage/Materials/MI_Trunks.uasset" 584
"D:/New folder (3)/Unreal Projects/MyProject2/Content/Meadow_Environment_Set/Environment/Foliage/Meshes/SM_mushroom_01.uasset" 585
"../../../Engine/Content/Functions/Engine_MaterialFunctions02/WorldPositionOffset/Wind.uasset" 586
"D:/New folder (3)/Unreal Projects/MyProject2/Content/Meadow_Environment_Set/Environment/Foliage/Textures/T_Grey_willow_BC_M.uasset" 587
"D:/New folder (3)/Unreal Projects/MyProject2/Content/Meadow_Environment_Set/Environment/Foliage/Textures/T_Grey_willow_MT_R_AO.uasset" 588
"D:/New folder (3)/Unreal Projects/MyProject2/Content/Meadow_Environment_Set/Environment/Foliage/Textures/T_Grey_willow_N.uasset" 589
"D:/New folder (3)/Unreal Projects/MyProject2/Content/Meadow_Environment_Set/Environment/Foliage/Textures/T_Perlin_Noise_M.uasset" 590
"D:/New folder (3)/Unreal Projects/MyProject2/Content/Meadow_Environment_Set/Environment/Foliage/Materials/M_leaves.uasset" 591
"D:/New folder (3)/Unreal Projects/MyProject2/Content/Meadow_Environment_Set/Environment/Foliage/Textures/T_maple_bush_N.uasset" 592
"D:/New folder (3)/Unreal Projects/MyProject2/Content/Meadow_Environment_Set/Environment/Foliage/Textures/T_Poplar_leaves_BC_M.uasset" 593
"D:/New folder (3)/Unreal Projects/MyProject2/Content/Meadow_Environment_Set/Environment/Foliage/Textures/T_Poplar_leaves_MT_R_AO.uasset" 594
"D:/New folder (3)/Unreal Projects/MyProject2/Content/Meadow_Environment_Set/Environment/Foliage/Materials/MI_Poplar_leaves.uasset" 595
"D:/New folder (3)/Unreal Projects/MyProject2/Content/Meadow_Environment_Set/Environment/Foliage/Textures/T_Poplar_leaves_N.uasset" 596
"D:/New folder (3)/Unreal Projects/MyProject2/Content/Meadow_Environment_Set/Environment/Foliage/Materials/M_Leaves_LOD.uasset" 597
"D:/New folder (3)/Unreal Projects/MyProject2/Content/Meadow_Environment_Set/Environment/Foliage/Materials/MI_Poplar_Leaves_LOD.uasset" 598
"D:/New folder (3)/Unreal Projects/MyProject2/Content/Meadow_Environment_Set/Environment/Foliage/Textures/T_Poplar_00_A_Cross_BC_M.uasset" 599
"D:/New folder (3)/Unreal Projects/MyProject2/Content/Meadow_Environment_Set/Environment/Foliage/Textures/T_Poplar_00_A_Cross_N.uasset" 600
"D:/New folder (3)/Unreal Projects/MyProject2/Content/Meadow_Environment_Set/Environment/Foliage/Materials/M_Cross.uasset" 601
"D:/New folder (3)/Unreal Projects/MyProject2/Content/Meadow_Environment_Set/Environment/Foliage/Textures/T_Poplar_03_Cross_BC_M.uasset" 602
"D:/New folder (3)/Unreal Projects/MyProject2/Content/Meadow_Environment_Set/Environment/Foliage/Textures/T_Poplar_03_Cross_N.uasset" 603
"D:/New folder (3)/Unreal Projects/MyProject2/Content/Meadow_Environment_Set/Environment/Foliage/Materials/MI_Poplar_Tree_03_Cross.uasset" 604
"D:/New folder (3)/Unreal Projects/MyProject2/Content/Meadow_Environment_Set/Environment/Foliage/Textures/T_Poplar_bark_05_BC.uasset" 605
"D:/New folder (3)/Unreal Projects/MyProject2/Content/Meadow_Environment_Set/Environment/Foliage/Textures/T_Poplar_bark_05_MT_R_AO.uasset" 606
"D:/New folder (3)/Unreal Projects/MyProject2/Content/Meadow_Environment_Set/Environment/Foliage/Textures/T_Poplar_bark_05_N.uasset" 607
"D:/New folder (3)/Unreal Projects/MyProject2/Content/Meadow_Environment_Set/Environment/Foliage/Textures/T_Poplar_trunk_05_BC.uasset" 608
"D:/New folder (3)/Unreal Projects/MyProject2/Content/Meadow_Environment_Set/Environment/Foliage/Textures/T_Poplar_trunk_05_M.uasset" 609
"D:/New folder (3)/Unreal Projects/MyProject2/Content/Meadow_Environment_Set/Environment/Foliage/Textures/T_Poplar_trunk_05_MT_R_AO.uasset" 610
"D:/New folder (3)/Unreal Projects/MyProject2/Content/Meadow_Environment_Set/Environment/Foliage/Textures/T_Poplar_trunk_05_N.uasset" 611
"D:/New folder (3)/Unreal Projects/MyProject2/Content/Meadow_Environment_Set/Environment/Foliage/Materials/M_Trunks_01.uasset" 612
"D:/New folder (3)/Unreal Projects/MyProject2/Content/Meadow_Environment_Set/Environment/Foliage/Textures/T_Poplar_trunk_03_BC.uasset" 613
"D:/New folder (3)/Unreal Projects/MyProject2/Content/Meadow_Environment_Set/Environment/Foliage/Textures/T_Poplar_trunk_03_M.uasset" 614
"D:/New folder (3)/Unreal Projects/MyProject2/Content/Meadow_Environment_Set/Environment/Foliage/Textures/T_Poplar_trunk_03_MT_R_AO.uasset" 615
"D:/New folder (3)/Unreal Projects/MyProject2/Content/Meadow_Environment_Set/Environment/Foliage/Textures/T_Poplar_trunk_03_N.uasset" 616
"D:/New folder (3)/Unreal Projects/MyProject2/Content/Meadow_Environment_Set/Environment/Foliage/Materials/MI_Trunks_03.uasset" 617
"D:/New folder (3)/Unreal Projects/MyProject2/Content/Meadow_Environment_Set/Environment/Foliage/Meshes/SM_Poplar_tree_03_Optimised.uasset" 618
"D:/New folder (3)/Unreal Projects/MyProject2/Content/Meadow_Environment_Set/Environment/Foliage/Textures/T_Poplar_04_Cross_BC_M.uasset" 619
"D:/New folder (3)/Unreal Projects/MyProject2/Content/Meadow_Environment_Set/Environment/Foliage/Textures/T_Poplar_04_Cross_N.uasset" 620
"D:/New folder (3)/Unreal Projects/MyProject2/Content/Meadow_Environment_Set/Environment/Foliage/Materials/MI_Poplar_Tree_04_Cross.uasset" 621
"D:/New folder (3)/Unreal Projects/MyProject2/Content/Meadow_Environment_Set/Environment/Foliage/Textures/T_Poplar_trunk_04_BC.uasset" 622
"D:/New folder (3)/Unreal Projects/MyProject2/Content/Meadow_Environment_Set/Environment/Foliage/Textures/T_Poplar_trunk_04_M.uasset" 623
"D:/New folder (3)/Unreal Projects/MyProject2/Content/Meadow_Environment_Set/Environment/Foliage/Textures/T_Poplar_trunk_04_MT_R_AO.uasset" 624
"D:/New folder (3)/Unreal Projects/MyProject2/Content/Meadow_Environment_Set/Environment/Foliage/Textures/T_Poplar_trunk_04_N.uasset" 625
"D:/New folder (3)/Unreal Projects/MyProject2/Content/Meadow_Environment_Set/Environment/Foliage/Materials/MI_Trunks_04.uasset" 626
"D:/New folder (3)/Unreal Projects/MyProject2/Content/Meadow_Environment_Set/Environment/Foliage/Meshes/SM_Poplar_tree_04_Optimised.uasset" 627
"D:/New folder (3)/Unreal Projects/MyProject2/Content/Foliage/GT_2.uasset" 628
"D:/New folder (3)/Unreal Projects/MyProject2/Content/levels/map_sharedassets/auto_LayerInfo.uasset" 629
"D:/New folder (3)/Unreal Projects/MyProject2/Content/levels/map_sharedassets/NoGrass_LayerInfo.uasset" 630
"D:/New folder (3)/Unreal Projects/MyProject2/Content/levels/map_BuiltData.uasset" 631
"../../../Engine/Content/Functions/Engine_MaterialFunctions01/AlphaBlend/WorldAlignedBlend.uasset" 632
"D:/New folder (3)/Unreal Projects/MyProject2/Content/StarterContent/Textures/T_Ground_Grass_D.uasset" 633
"D:/New folder (3)/Unreal Projects/MyProject2/Content/StarterContent/Textures/T_Ground_Grass_N.uasset" 634
"D:/New folder (3)/Unreal Projects/MyProject2/Content/StarterContent/Textures/T_Perlin_Noise_M.uasset" 635
"D:/New folder (3)/Unreal Projects/MyProject2/Content/Materials/MF_Layer.uasset" 636
"D:/New folder (3)/Unreal Projects/MyProject2/Content/Materials/M_LandScape.uasset" 637
"D:/New folder (3)/Unreal Projects/MyProject2/Content/StarterContent/Textures/T_Ground_Gravel_D.uasset" 638
"D:/New folder (3)/Unreal Projects/MyProject2/Content/StarterContent/Textures/T_Ground_Gravel_N.uasset" 639
"D:/New folder (3)/Unreal Projects/MyProject2/Content/StarterContent/Textures/T_ground_Moss_D.uasset" 640
"D:/New folder (3)/Unreal Projects/MyProject2/Content/StarterContent/Textures/T_Ground_Moss_N.uasset" 641
"D:/New folder (3)/Unreal Projects/MyProject2/Content/StarterContent/Textures/T_Rock_Sandstone_D.uasset" 642
"D:/New folder (3)/Unreal Projects/MyProject2/Content/StarterContent/Textures/T_Rock_Sandstone_N.uasset" 643
"D:/New folder (3)/Unreal Projects/MyProject2/Content/Materials/MI_Landscape.uasset" 644
"D:/New folder (3)/Unreal Projects/MyProject2/Content/levels/map.umap" 645
